{"numTotalTestSuites":258,"numPassedTestSuites":219,"numFailedTestSuites":39,"numPendingTestSuites":0,"numTotalTests":551,"numPassedTests":457,"numFailedTests":75,"numPendingTests":17,"numTodoTests":0,"snapshot":{"added":0,"failure":false,"filesAdded":0,"filesRemoved":0,"filesRemovedList":[],"filesUnmatched":0,"filesUpdated":0,"matched":0,"total":0,"unchecked":0,"uncheckedKeysByFile":[],"unmatched":0,"updated":0,"didUpdate":false},"startTime":1765473975045,"success":false,"testResults":[{"assertionResults":[{"ancestorTitles":["Editor visibility and style sanity"],"fullName":"Editor visibility and style sanity should render editor without blur or transparency","status":"failed","title":"should render editor without blur or transparency","duration":77.39442299999064,"failureMessages":["TypeError: editor?.isActive is not a function\n    at Module.useBlockquote (/workspaces/assistente-jur-dico-principal/src/components/tiptap-ui/blockquote-button/use-blockquote.ts:192:28)\n    at BlockquoteButton (/workspaces/assistente-jur-dico-principal/src/components/tiptap-ui/blockquote-button/blockquote-button.tsx:59:7)\n    at Object.react_stack_bottom_frame (/workspaces/assistente-jur-dico-principal/node_modules/react-dom/cjs/react-dom-client.development.js:25904:20)\n    at renderWithHooks (/workspaces/assistente-jur-dico-principal/node_modules/react-dom/cjs/react-dom-client.development.js:7662:22)\n    at updateForwardRef (/workspaces/assistente-jur-dico-principal/node_modules/react-dom/cjs/react-dom-client.development.js:9724:19)\n    at beginWork (/workspaces/assistente-jur-dico-principal/node_modules/react-dom/cjs/react-dom-client.development.js:12117:18)\n    at runWithFiberInDEV (/workspaces/assistente-jur-dico-principal/node_modules/react-dom/cjs/react-dom-client.development.js:874:13)\n    at performUnitOfWork (/workspaces/assistente-jur-dico-principal/node_modules/react-dom/cjs/react-dom-client.development.js:17641:22)\n    at workLoopSync (/workspaces/assistente-jur-dico-principal/node_modules/react-dom/cjs/react-dom-client.development.js:17469:41)\n    at renderRootSync (/workspaces/assistente-jur-dico-principal/node_modules/react-dom/cjs/react-dom-client.development.js:17450:11)"],"meta":{}}],"startTime":1765474057920,"endTime":1765474057997.3945,"status":"failed","message":"","name":"/workspaces/assistente-jur-dico-principal/src/__tests__/editor-visibility.test.tsx"},{"assertionResults":[{"ancestorTitles":["LangGraph agent stubs (smoke tests)"],"fullName":"LangGraph agent stubs (smoke tests) Harvey runs and completes","status":"passed","title":"Harvey runs and completes","duration":49.88642600000094,"failureMessages":[],"meta":{}},{"ancestorTitles":["LangGraph agent stubs (smoke tests)"],"fullName":"LangGraph agent stubs (smoke tests) Justine runs and completes","status":"passed","title":"Justine runs and completes","duration":49.79573700000037,"failureMessages":[],"meta":{}},{"ancestorTitles":["LangGraph agent stubs (smoke tests)"],"fullName":"LangGraph agent stubs (smoke tests) Analise Documental runs and completes","status":"passed","title":"Analise Documental runs and completes","duration":42.7623339999991,"failureMessages":[],"meta":{}},{"ancestorTitles":["LangGraph agent stubs (smoke tests)"],"fullName":"LangGraph agent stubs (smoke tests) Gestao Prazos runs and completes","status":"passed","title":"Gestao Prazos runs and completes","duration":32.674205999999685,"failureMessages":[],"meta":{}},{"ancestorTitles":["LangGraph agent stubs (smoke tests)"],"fullName":"LangGraph agent stubs (smoke tests) Redacao Peticoes runs and completes","status":"passed","title":"Redacao Peticoes runs and completes","duration":1.836076999999932,"failureMessages":[],"meta":{}},{"ancestorTitles":["LangGraph agent stubs (smoke tests)"],"fullName":"LangGraph agent stubs (smoke tests) Pesquisa Juris runs and completes","status":"passed","title":"Pesquisa Juris runs and completes","duration":77.16879600000175,"failureMessages":[],"meta":{}},{"ancestorTitles":["LangGraph agent stubs (smoke tests)"],"fullName":"LangGraph agent stubs (smoke tests) Analise Risco runs and completes","status":"passed","title":"Analise Risco runs and completes","duration":41.270619999999326,"failureMessages":[],"meta":{}},{"ancestorTitles":["LangGraph agent stubs (smoke tests)"],"fullName":"LangGraph agent stubs (smoke tests) Revisao Contratual runs and completes","status":"passed","title":"Revisao Contratual runs and completes","duration":78.36276699999871,"failureMessages":[],"meta":{}},{"ancestorTitles":["LangGraph agent stubs (smoke tests)"],"fullName":"LangGraph agent stubs (smoke tests) Comunicacao Clientes runs and completes","status":"passed","title":"Comunicacao Clientes runs and completes","duration":31.655760000001465,"failureMessages":[],"meta":{}},{"ancestorTitles":["LangGraph agent stubs (smoke tests)"],"fullName":"LangGraph agent stubs (smoke tests) Financeiro runs and completes","status":"passed","title":"Financeiro runs and completes","duration":41.05926299999919,"failureMessages":[],"meta":{}},{"ancestorTitles":["LangGraph agent stubs (smoke tests)"],"fullName":"LangGraph agent stubs (smoke tests) Estrategia Processual runs and completes","status":"passed","title":"Estrategia Processual runs and completes","duration":70.75205900000219,"failureMessages":[],"meta":{}},{"ancestorTitles":["LangGraph agent stubs (smoke tests)"],"fullName":"LangGraph agent stubs (smoke tests) Traducao Juridica runs and completes","status":"passed","title":"Traducao Juridica runs and completes","duration":25.55221299999903,"failureMessages":[],"meta":{}},{"ancestorTitles":["LangGraph agent stubs (smoke tests)"],"fullName":"LangGraph agent stubs (smoke tests) Organizacao de Arquivos runs and completes","status":"passed","title":"Organizacao de Arquivos runs and completes","duration":30.77349099999992,"failureMessages":[],"meta":{}}],"startTime":1765474005919,"endTime":1765474006492.7734,"status":"passed","message":"","name":"/workspaces/assistente-jur-dico-principal/src/agents/agents-stubs.test.ts"},{"assertionResults":[{"ancestorTitles":["AdvancedNLPDashboard","hasInput() helper function"],"fullName":"AdvancedNLPDashboard hasInput() helper function should show error toast and not trigger processing when inputText is empty","status":"failed","title":"should show error toast and not trigger processing when inputText is empty","duration":117.11302999999998,"failureMessages":["TestingLibraryElementError: Unable to find an accessible element with the role \"button\" and name `/extrair entidades/i`\n\nThere are no accessible roles. But there might be some inaccessible roles. If you wish to access them, then set the `hidden` option to `true`. Learn more about this here: https://testing-library.com/docs/dom-testing-library/api-queries#byrole\n\nIgnored nodes: comments, script, style\n\u001b[36m<body />\u001b[39m\n    at Object.getElementError (/workspaces/assistente-jur-dico-principal/node_modules/@testing-library/dom/dist/config.js:37:19)\n    at /workspaces/assistente-jur-dico-principal/node_modules/@testing-library/dom/dist/query-helpers.js:76:38\n    at /workspaces/assistente-jur-dico-principal/node_modules/@testing-library/dom/dist/query-helpers.js:52:17\n    at /workspaces/assistente-jur-dico-principal/node_modules/@testing-library/dom/dist/query-helpers.js:95:19\n    at /workspaces/assistente-jur-dico-principal/src/components/AdvancedNLPDashboard.test.tsx:42:44\n    at file:///workspaces/assistente-jur-dico-principal/node_modules/@vitest/runner/dist/index.js:146:14\n    at file:///workspaces/assistente-jur-dico-principal/node_modules/@vitest/runner/dist/index.js:533:11\n    at runWithTimeout (file:///workspaces/assistente-jur-dico-principal/node_modules/@vitest/runner/dist/index.js:39:7)\n    at runTest (file:///workspaces/assistente-jur-dico-principal/node_modules/@vitest/runner/dist/index.js:1056:17)\n    at runSuite (file:///workspaces/assistente-jur-dico-principal/node_modules/@vitest/runner/dist/index.js:1205:15)"],"meta":{}},{"ancestorTitles":["AdvancedNLPDashboard","hasInput() helper function"],"fullName":"AdvancedNLPDashboard hasInput() helper function should show error toast when inputText contains only whitespace","status":"failed","title":"should show error toast when inputText contains only whitespace","duration":34.33247800000004,"failureMessages":["TestingLibraryElementError: Unable to find an element with the placeholder text of: /cole aqui o texto do documento jurídico/i\n\nIgnored nodes: comments, script, style\n\u001b[36m<body />\u001b[39m\n    at Object.getElementError (/workspaces/assistente-jur-dico-principal/node_modules/@testing-library/dom/dist/config.js:37:19)\n    at /workspaces/assistente-jur-dico-principal/node_modules/@testing-library/dom/dist/query-helpers.js:76:38\n    at /workspaces/assistente-jur-dico-principal/node_modules/@testing-library/dom/dist/query-helpers.js:52:17\n    at /workspaces/assistente-jur-dico-principal/node_modules/@testing-library/dom/dist/query-helpers.js:95:19\n    at /workspaces/assistente-jur-dico-principal/src/components/AdvancedNLPDashboard.test.tsx:54:31\n    at file:///workspaces/assistente-jur-dico-principal/node_modules/@vitest/runner/dist/index.js:146:14\n    at file:///workspaces/assistente-jur-dico-principal/node_modules/@vitest/runner/dist/index.js:533:11\n    at runWithTimeout (file:///workspaces/assistente-jur-dico-principal/node_modules/@vitest/runner/dist/index.js:39:7)\n    at runTest (file:///workspaces/assistente-jur-dico-principal/node_modules/@vitest/runner/dist/index.js:1056:17)\n    at runSuite (file:///workspaces/assistente-jur-dico-principal/node_modules/@vitest/runner/dist/index.js:1205:15)"],"meta":{}},{"ancestorTitles":["AdvancedNLPDashboard","hasInput() helper function"],"fullName":"AdvancedNLPDashboard hasInput() helper function should enable buttons when inputText has valid content","status":"failed","title":"should enable buttons when inputText has valid content","duration":66.87618099999986,"failureMessages":["TestingLibraryElementError: Unable to find an element with the placeholder text of: /cole aqui o texto do documento jurídico/i\n\nIgnored nodes: comments, script, style\n\u001b[36m<body />\u001b[39m\n    at Object.getElementError (/workspaces/assistente-jur-dico-principal/node_modules/@testing-library/dom/dist/config.js:37:19)\n    at /workspaces/assistente-jur-dico-principal/node_modules/@testing-library/dom/dist/query-helpers.js:76:38\n    at /workspaces/assistente-jur-dico-principal/node_modules/@testing-library/dom/dist/query-helpers.js:52:17\n    at /workspaces/assistente-jur-dico-principal/node_modules/@testing-library/dom/dist/query-helpers.js:95:19\n    at /workspaces/assistente-jur-dico-principal/src/components/AdvancedNLPDashboard.test.tsx:71:31\n    at file:///workspaces/assistente-jur-dico-principal/node_modules/@vitest/runner/dist/index.js:146:14\n    at file:///workspaces/assistente-jur-dico-principal/node_modules/@vitest/runner/dist/index.js:533:11\n    at runWithTimeout (file:///workspaces/assistente-jur-dico-principal/node_modules/@vitest/runner/dist/index.js:39:7)\n    at runTest (file:///workspaces/assistente-jur-dico-principal/node_modules/@vitest/runner/dist/index.js:1056:17)\n    at runSuite (file:///workspaces/assistente-jur-dico-principal/node_modules/@vitest/runner/dist/index.js:1205:15)"],"meta":{}},{"ancestorTitles":["AdvancedNLPDashboard","runWithProcessing() helper function"],"fullName":"AdvancedNLPDashboard runWithProcessing() helper function should call toast.success on successful processing","status":"failed","title":"should call toast.success on successful processing","duration":23.84115299999985,"failureMessages":["TestingLibraryElementError: Unable to find an element with the placeholder text of: /cole aqui o texto do documento jurídico/i\n\nIgnored nodes: comments, script, style\n\u001b[36m<body />\u001b[39m\n    at Object.getElementError (/workspaces/assistente-jur-dico-principal/node_modules/@testing-library/dom/dist/config.js:37:19)\n    at /workspaces/assistente-jur-dico-principal/node_modules/@testing-library/dom/dist/query-helpers.js:76:38\n    at /workspaces/assistente-jur-dico-principal/node_modules/@testing-library/dom/dist/query-helpers.js:52:17\n    at /workspaces/assistente-jur-dico-principal/node_modules/@testing-library/dom/dist/query-helpers.js:95:19\n    at /workspaces/assistente-jur-dico-principal/src/components/AdvancedNLPDashboard.test.tsx:101:31\n    at file:///workspaces/assistente-jur-dico-principal/node_modules/@vitest/runner/dist/index.js:146:14\n    at file:///workspaces/assistente-jur-dico-principal/node_modules/@vitest/runner/dist/index.js:533:11\n    at runWithTimeout (file:///workspaces/assistente-jur-dico-principal/node_modules/@vitest/runner/dist/index.js:39:7)\n    at runTest (file:///workspaces/assistente-jur-dico-principal/node_modules/@vitest/runner/dist/index.js:1056:17)\n    at runSuite (file:///workspaces/assistente-jur-dico-principal/node_modules/@vitest/runner/dist/index.js:1205:15)"],"meta":{}},{"ancestorTitles":["AdvancedNLPDashboard","runWithProcessing() helper function"],"fullName":"AdvancedNLPDashboard runWithProcessing() helper function should call toast.error when processing fails","status":"failed","title":"should call toast.error when processing fails","duration":25.941539999999804,"failureMessages":["TestingLibraryElementError: Unable to find an element with the placeholder text of: /cole aqui o texto do documento jurídico/i\n\nIgnored nodes: comments, script, style\n\u001b[36m<body />\u001b[39m\n    at Object.getElementError (/workspaces/assistente-jur-dico-principal/node_modules/@testing-library/dom/dist/config.js:37:19)\n    at /workspaces/assistente-jur-dico-principal/node_modules/@testing-library/dom/dist/query-helpers.js:76:38\n    at /workspaces/assistente-jur-dico-principal/node_modules/@testing-library/dom/dist/query-helpers.js:52:17\n    at /workspaces/assistente-jur-dico-principal/node_modules/@testing-library/dom/dist/query-helpers.js:95:19\n    at /workspaces/assistente-jur-dico-principal/src/components/AdvancedNLPDashboard.test.tsx:125:31\n    at file:///workspaces/assistente-jur-dico-principal/node_modules/@vitest/runner/dist/index.js:146:14\n    at file:///workspaces/assistente-jur-dico-principal/node_modules/@vitest/runner/dist/index.js:533:11\n    at runWithTimeout (file:///workspaces/assistente-jur-dico-principal/node_modules/@vitest/runner/dist/index.js:39:7)\n    at runTest (file:///workspaces/assistente-jur-dico-principal/node_modules/@vitest/runner/dist/index.js:1056:17)\n    at runSuite (file:///workspaces/assistente-jur-dico-principal/node_modules/@vitest/runner/dist/index.js:1205:15)"],"meta":{}},{"ancestorTitles":["AdvancedNLPDashboard","runWithProcessing() helper function"],"fullName":"AdvancedNLPDashboard runWithProcessing() helper function should set isProcessing to true during operation and false after completion","status":"failed","title":"should set isProcessing to true during operation and false after completion","duration":33.80335100000002,"failureMessages":["TestingLibraryElementError: Unable to find an element with the placeholder text of: /cole aqui o texto do documento jurídico/i\n\nIgnored nodes: comments, script, style\n\u001b[36m<body />\u001b[39m\n    at Object.getElementError (/workspaces/assistente-jur-dico-principal/node_modules/@testing-library/dom/dist/config.js:37:19)\n    at /workspaces/assistente-jur-dico-principal/node_modules/@testing-library/dom/dist/query-helpers.js:76:38\n    at /workspaces/assistente-jur-dico-principal/node_modules/@testing-library/dom/dist/query-helpers.js:52:17\n    at /workspaces/assistente-jur-dico-principal/node_modules/@testing-library/dom/dist/query-helpers.js:95:19\n    at /workspaces/assistente-jur-dico-principal/src/components/AdvancedNLPDashboard.test.tsx:153:31\n    at file:///workspaces/assistente-jur-dico-principal/node_modules/@vitest/runner/dist/index.js:146:14\n    at file:///workspaces/assistente-jur-dico-principal/node_modules/@vitest/runner/dist/index.js:533:11\n    at runWithTimeout (file:///workspaces/assistente-jur-dico-principal/node_modules/@vitest/runner/dist/index.js:39:7)\n    at runTest (file:///workspaces/assistente-jur-dico-principal/node_modules/@vitest/runner/dist/index.js:1056:17)\n    at runSuite (file:///workspaces/assistente-jur-dico-principal/node_modules/@vitest/runner/dist/index.js:1205:15)"],"meta":{}},{"ancestorTitles":["AdvancedNLPDashboard","handleExtractEntities handler"],"fullName":"AdvancedNLPDashboard handleExtractEntities handler should call nlpPipeline.extractEntities with input text","status":"failed","title":"should call nlpPipeline.extractEntities with input text","duration":43.11738200000036,"failureMessages":["TestingLibraryElementError: Unable to find an element with the placeholder text of: /cole aqui o texto do documento jurídico/i\n\nIgnored nodes: comments, script, style\n\u001b[36m<body />\u001b[39m\n    at Object.getElementError (/workspaces/assistente-jur-dico-principal/node_modules/@testing-library/dom/dist/config.js:37:19)\n    at /workspaces/assistente-jur-dico-principal/node_modules/@testing-library/dom/dist/query-helpers.js:76:38\n    at /workspaces/assistente-jur-dico-principal/node_modules/@testing-library/dom/dist/query-helpers.js:52:17\n    at /workspaces/assistente-jur-dico-principal/node_modules/@testing-library/dom/dist/query-helpers.js:95:19\n    at /workspaces/assistente-jur-dico-principal/src/components/AdvancedNLPDashboard.test.tsx:194:31\n    at file:///workspaces/assistente-jur-dico-principal/node_modules/@vitest/runner/dist/index.js:146:14\n    at file:///workspaces/assistente-jur-dico-principal/node_modules/@vitest/runner/dist/index.js:533:11\n    at runWithTimeout (file:///workspaces/assistente-jur-dico-principal/node_modules/@vitest/runner/dist/index.js:39:7)\n    at runTest (file:///workspaces/assistente-jur-dico-principal/node_modules/@vitest/runner/dist/index.js:1056:17)\n    at runSuite (file:///workspaces/assistente-jur-dico-principal/node_modules/@vitest/runner/dist/index.js:1205:15)"],"meta":{}},{"ancestorTitles":["AdvancedNLPDashboard","handleExtractEntities handler"],"fullName":"AdvancedNLPDashboard handleExtractEntities handler should display extracted entities in the UI","status":"failed","title":"should display extracted entities in the UI","duration":33.278871999999865,"failureMessages":["TestingLibraryElementError: Unable to find an element with the placeholder text of: /cole aqui o texto do documento jurídico/i\n\nIgnored nodes: comments, script, style\n\u001b[36m<body />\u001b[39m\n    at Object.getElementError (/workspaces/assistente-jur-dico-principal/node_modules/@testing-library/dom/dist/config.js:37:19)\n    at /workspaces/assistente-jur-dico-principal/node_modules/@testing-library/dom/dist/query-helpers.js:76:38\n    at /workspaces/assistente-jur-dico-principal/node_modules/@testing-library/dom/dist/query-helpers.js:52:17\n    at /workspaces/assistente-jur-dico-principal/node_modules/@testing-library/dom/dist/query-helpers.js:95:19\n    at /workspaces/assistente-jur-dico-principal/src/components/AdvancedNLPDashboard.test.tsx:224:31\n    at file:///workspaces/assistente-jur-dico-principal/node_modules/@vitest/runner/dist/index.js:146:14\n    at file:///workspaces/assistente-jur-dico-principal/node_modules/@vitest/runner/dist/index.js:533:11\n    at runWithTimeout (file:///workspaces/assistente-jur-dico-principal/node_modules/@vitest/runner/dist/index.js:39:7)\n    at runTest (file:///workspaces/assistente-jur-dico-principal/node_modules/@vitest/runner/dist/index.js:1056:17)\n    at runSuite (file:///workspaces/assistente-jur-dico-principal/node_modules/@vitest/runner/dist/index.js:1205:15)"],"meta":{}},{"ancestorTitles":["AdvancedNLPDashboard","handleAnalyzeSentiment handler"],"fullName":"AdvancedNLPDashboard handleAnalyzeSentiment handler should call nlpPipeline.analyzeSentiment with input text","status":"failed","title":"should call nlpPipeline.analyzeSentiment with input text","duration":22.74837499999967,"failureMessages":["TestingLibraryElementError: Unable to find an element with the placeholder text of: /cole aqui o texto do documento jurídico/i\n\nIgnored nodes: comments, script, style\n\u001b[36m<body />\u001b[39m\n    at Object.getElementError (/workspaces/assistente-jur-dico-principal/node_modules/@testing-library/dom/dist/config.js:37:19)\n    at /workspaces/assistente-jur-dico-principal/node_modules/@testing-library/dom/dist/query-helpers.js:76:38\n    at /workspaces/assistente-jur-dico-principal/node_modules/@testing-library/dom/dist/query-helpers.js:52:17\n    at /workspaces/assistente-jur-dico-principal/node_modules/@testing-library/dom/dist/query-helpers.js:95:19\n    at /workspaces/assistente-jur-dico-principal/src/components/AdvancedNLPDashboard.test.tsx:254:31\n    at file:///workspaces/assistente-jur-dico-principal/node_modules/@vitest/runner/dist/index.js:146:14\n    at file:///workspaces/assistente-jur-dico-principal/node_modules/@vitest/runner/dist/index.js:533:11\n    at runWithTimeout (file:///workspaces/assistente-jur-dico-principal/node_modules/@vitest/runner/dist/index.js:39:7)\n    at runTest (file:///workspaces/assistente-jur-dico-principal/node_modules/@vitest/runner/dist/index.js:1056:17)\n    at runSuite (file:///workspaces/assistente-jur-dico-principal/node_modules/@vitest/runner/dist/index.js:1205:15)"],"meta":{}},{"ancestorTitles":["AdvancedNLPDashboard","handleClassifyDocument handler"],"fullName":"AdvancedNLPDashboard handleClassifyDocument handler should call nlpPipeline.classifyDocument with input text","status":"failed","title":"should call nlpPipeline.classifyDocument with input text","duration":21.12954600000012,"failureMessages":["TestingLibraryElementError: Unable to find an element with the placeholder text of: /cole aqui o texto do documento jurídico/i\n\nIgnored nodes: comments, script, style\n\u001b[36m<body />\u001b[39m\n    at Object.getElementError (/workspaces/assistente-jur-dico-principal/node_modules/@testing-library/dom/dist/config.js:37:19)\n    at /workspaces/assistente-jur-dico-principal/node_modules/@testing-library/dom/dist/query-helpers.js:76:38\n    at /workspaces/assistente-jur-dico-principal/node_modules/@testing-library/dom/dist/query-helpers.js:52:17\n    at /workspaces/assistente-jur-dico-principal/node_modules/@testing-library/dom/dist/query-helpers.js:95:19\n    at /workspaces/assistente-jur-dico-principal/src/components/AdvancedNLPDashboard.test.tsx:286:31\n    at file:///workspaces/assistente-jur-dico-principal/node_modules/@vitest/runner/dist/index.js:146:14\n    at file:///workspaces/assistente-jur-dico-principal/node_modules/@vitest/runner/dist/index.js:533:11\n    at runWithTimeout (file:///workspaces/assistente-jur-dico-principal/node_modules/@vitest/runner/dist/index.js:39:7)\n    at runTest (file:///workspaces/assistente-jur-dico-principal/node_modules/@vitest/runner/dist/index.js:1056:17)\n    at runSuite (file:///workspaces/assistente-jur-dico-principal/node_modules/@vitest/runner/dist/index.js:1205:15)"],"meta":{}},{"ancestorTitles":["AdvancedNLPDashboard","handleExtractInformation handler"],"fullName":"AdvancedNLPDashboard handleExtractInformation handler should call nlpPipeline.extractInformation with input text","status":"failed","title":"should call nlpPipeline.extractInformation with input text","duration":25.36155800000006,"failureMessages":["TestingLibraryElementError: Unable to find an element with the placeholder text of: /cole aqui o texto do documento jurídico/i\n\nIgnored nodes: comments, script, style\n\u001b[36m<body />\u001b[39m\n    at Object.getElementError (/workspaces/assistente-jur-dico-principal/node_modules/@testing-library/dom/dist/config.js:37:19)\n    at /workspaces/assistente-jur-dico-principal/node_modules/@testing-library/dom/dist/query-helpers.js:76:38\n    at /workspaces/assistente-jur-dico-principal/node_modules/@testing-library/dom/dist/query-helpers.js:52:17\n    at /workspaces/assistente-jur-dico-principal/node_modules/@testing-library/dom/dist/query-helpers.js:95:19\n    at /workspaces/assistente-jur-dico-principal/src/components/AdvancedNLPDashboard.test.tsx:319:31\n    at file:///workspaces/assistente-jur-dico-principal/node_modules/@vitest/runner/dist/index.js:146:14\n    at file:///workspaces/assistente-jur-dico-principal/node_modules/@vitest/runner/dist/index.js:533:11\n    at runWithTimeout (file:///workspaces/assistente-jur-dico-principal/node_modules/@vitest/runner/dist/index.js:39:7)\n    at runTest (file:///workspaces/assistente-jur-dico-principal/node_modules/@vitest/runner/dist/index.js:1056:17)\n    at runSuite (file:///workspaces/assistente-jur-dico-principal/node_modules/@vitest/runner/dist/index.js:1205:15)"],"meta":{}},{"ancestorTitles":["AdvancedNLPDashboard","handleProcessAll handler"],"fullName":"AdvancedNLPDashboard handleProcessAll handler should call all NLP pipeline methods when Análise Completa is clicked","status":"failed","title":"should call all NLP pipeline methods when Análise Completa is clicked","duration":36.177384000000075,"failureMessages":["TestingLibraryElementError: Unable to find an element with the placeholder text of: /cole aqui o texto do documento jurídico/i\n\nIgnored nodes: comments, script, style\n\u001b[36m<body />\u001b[39m\n    at Object.getElementError (/workspaces/assistente-jur-dico-principal/node_modules/@testing-library/dom/dist/config.js:37:19)\n    at /workspaces/assistente-jur-dico-principal/node_modules/@testing-library/dom/dist/query-helpers.js:76:38\n    at /workspaces/assistente-jur-dico-principal/node_modules/@testing-library/dom/dist/query-helpers.js:52:17\n    at /workspaces/assistente-jur-dico-principal/node_modules/@testing-library/dom/dist/query-helpers.js:95:19\n    at /workspaces/assistente-jur-dico-principal/src/components/AdvancedNLPDashboard.test.tsx:378:31\n    at file:///workspaces/assistente-jur-dico-principal/node_modules/@vitest/runner/dist/index.js:146:14\n    at file:///workspaces/assistente-jur-dico-principal/node_modules/@vitest/runner/dist/index.js:533:11\n    at runWithTimeout (file:///workspaces/assistente-jur-dico-principal/node_modules/@vitest/runner/dist/index.js:39:7)\n    at runTest (file:///workspaces/assistente-jur-dico-principal/node_modules/@vitest/runner/dist/index.js:1056:17)\n    at runSuite (file:///workspaces/assistente-jur-dico-principal/node_modules/@vitest/runner/dist/index.js:1205:15)"],"meta":{}},{"ancestorTitles":["AdvancedNLPDashboard","handleProcessAll handler"],"fullName":"AdvancedNLPDashboard handleProcessAll handler should show toast.error when any NLP operation fails during handleProcessAll","status":"failed","title":"should show toast.error when any NLP operation fails during handleProcessAll","duration":15.664012999999613,"failureMessages":["TestingLibraryElementError: Unable to find an element with the placeholder text of: /cole aqui o texto do documento jurídico/i\n\nIgnored nodes: comments, script, style\n\u001b[36m<body />\u001b[39m\n    at Object.getElementError (/workspaces/assistente-jur-dico-principal/node_modules/@testing-library/dom/dist/config.js:37:19)\n    at /workspaces/assistente-jur-dico-principal/node_modules/@testing-library/dom/dist/query-helpers.js:76:38\n    at /workspaces/assistente-jur-dico-principal/node_modules/@testing-library/dom/dist/query-helpers.js:52:17\n    at /workspaces/assistente-jur-dico-principal/node_modules/@testing-library/dom/dist/query-helpers.js:95:19\n    at /workspaces/assistente-jur-dico-principal/src/components/AdvancedNLPDashboard.test.tsx:426:31\n    at file:///workspaces/assistente-jur-dico-principal/node_modules/@vitest/runner/dist/index.js:146:14\n    at file:///workspaces/assistente-jur-dico-principal/node_modules/@vitest/runner/dist/index.js:533:11\n    at runWithTimeout (file:///workspaces/assistente-jur-dico-principal/node_modules/@vitest/runner/dist/index.js:39:7)\n    at runTest (file:///workspaces/assistente-jur-dico-principal/node_modules/@vitest/runner/dist/index.js:1056:17)\n    at runSuite (file:///workspaces/assistente-jur-dico-principal/node_modules/@vitest/runner/dist/index.js:1205:15)"],"meta":{}},{"ancestorTitles":["AdvancedNLPDashboard","UI rendering"],"fullName":"AdvancedNLPDashboard UI rendering should render the dashboard header","status":"failed","title":"should render the dashboard header","duration":14.095878999999968,"failureMessages":["TestingLibraryElementError: Unable to find an element with the text: Processamento NLP Avançado. This could be because the text is broken up by multiple elements. In this case, you can provide a function for your text matcher to make your matcher more flexible.\n\nIgnored nodes: comments, script, style\n\u001b[36m<body />\u001b[39m\n    at Object.getElementError (/workspaces/assistente-jur-dico-principal/node_modules/@testing-library/dom/dist/config.js:37:19)\n    at /workspaces/assistente-jur-dico-principal/node_modules/@testing-library/dom/dist/query-helpers.js:76:38\n    at /workspaces/assistente-jur-dico-principal/node_modules/@testing-library/dom/dist/query-helpers.js:52:17\n    at /workspaces/assistente-jur-dico-principal/node_modules/@testing-library/dom/dist/query-helpers.js:95:19\n    at /workspaces/assistente-jur-dico-principal/src/components/AdvancedNLPDashboard.test.tsx:447:21\n    at file:///workspaces/assistente-jur-dico-principal/node_modules/@vitest/runner/dist/index.js:146:14\n    at file:///workspaces/assistente-jur-dico-principal/node_modules/@vitest/runner/dist/index.js:533:11\n    at runWithTimeout (file:///workspaces/assistente-jur-dico-principal/node_modules/@vitest/runner/dist/index.js:39:7)\n    at runTest (file:///workspaces/assistente-jur-dico-principal/node_modules/@vitest/runner/dist/index.js:1056:17)\n    at runSuite (file:///workspaces/assistente-jur-dico-principal/node_modules/@vitest/runner/dist/index.js:1205:15)"],"meta":{}},{"ancestorTitles":["AdvancedNLPDashboard","UI rendering"],"fullName":"AdvancedNLPDashboard UI rendering should render all action buttons","status":"failed","title":"should render all action buttons","duration":15.955797000000075,"failureMessages":["TestingLibraryElementError: Unable to find an accessible element with the role \"button\" and name `/análise completa/i`\n\nThere are no accessible roles. But there might be some inaccessible roles. If you wish to access them, then set the `hidden` option to `true`. Learn more about this here: https://testing-library.com/docs/dom-testing-library/api-queries#byrole\n\nIgnored nodes: comments, script, style\n\u001b[36m<body />\u001b[39m\n    at Object.getElementError (/workspaces/assistente-jur-dico-principal/node_modules/@testing-library/dom/dist/config.js:37:19)\n    at /workspaces/assistente-jur-dico-principal/node_modules/@testing-library/dom/dist/query-helpers.js:76:38\n    at /workspaces/assistente-jur-dico-principal/node_modules/@testing-library/dom/dist/query-helpers.js:52:17\n    at /workspaces/assistente-jur-dico-principal/node_modules/@testing-library/dom/dist/query-helpers.js:95:19\n    at /workspaces/assistente-jur-dico-principal/src/components/AdvancedNLPDashboard.test.tsx:456:21\n    at file:///workspaces/assistente-jur-dico-principal/node_modules/@vitest/runner/dist/index.js:146:14\n    at file:///workspaces/assistente-jur-dico-principal/node_modules/@vitest/runner/dist/index.js:533:11\n    at runWithTimeout (file:///workspaces/assistente-jur-dico-principal/node_modules/@vitest/runner/dist/index.js:39:7)\n    at runTest (file:///workspaces/assistente-jur-dico-principal/node_modules/@vitest/runner/dist/index.js:1056:17)\n    at runSuite (file:///workspaces/assistente-jur-dico-principal/node_modules/@vitest/runner/dist/index.js:1205:15)"],"meta":{}},{"ancestorTitles":["AdvancedNLPDashboard","UI rendering"],"fullName":"AdvancedNLPDashboard UI rendering should render all tabs","status":"failed","title":"should render all tabs","duration":13.14777099999992,"failureMessages":["TestingLibraryElementError: Unable to find an accessible element with the role \"tab\" and name `/entidades/i`\n\nThere are no accessible roles. But there might be some inaccessible roles. If you wish to access them, then set the `hidden` option to `true`. Learn more about this here: https://testing-library.com/docs/dom-testing-library/api-queries#byrole\n\nIgnored nodes: comments, script, style\n\u001b[36m<body />\u001b[39m\n    at Object.getElementError (/workspaces/assistente-jur-dico-principal/node_modules/@testing-library/dom/dist/config.js:37:19)\n    at /workspaces/assistente-jur-dico-principal/node_modules/@testing-library/dom/dist/query-helpers.js:76:38\n    at /workspaces/assistente-jur-dico-principal/node_modules/@testing-library/dom/dist/query-helpers.js:52:17\n    at /workspaces/assistente-jur-dico-principal/node_modules/@testing-library/dom/dist/query-helpers.js:95:19\n    at /workspaces/assistente-jur-dico-principal/src/components/AdvancedNLPDashboard.test.tsx:466:21\n    at file:///workspaces/assistente-jur-dico-principal/node_modules/@vitest/runner/dist/index.js:146:14\n    at file:///workspaces/assistente-jur-dico-principal/node_modules/@vitest/runner/dist/index.js:533:11\n    at runWithTimeout (file:///workspaces/assistente-jur-dico-principal/node_modules/@vitest/runner/dist/index.js:39:7)\n    at runTest (file:///workspaces/assistente-jur-dico-principal/node_modules/@vitest/runner/dist/index.js:1056:17)\n    at runSuite (file:///workspaces/assistente-jur-dico-principal/node_modules/@vitest/runner/dist/index.js:1205:15)"],"meta":{}},{"ancestorTitles":["AdvancedNLPDashboard","UI rendering"],"fullName":"AdvancedNLPDashboard UI rendering should show empty state messages when no results","status":"failed","title":"should show empty state messages when no results","duration":20.749726999999893,"failureMessages":["TestingLibraryElementError: Unable to find an element with the text: Nenhuma entidade extraída ainda. This could be because the text is broken up by multiple elements. In this case, you can provide a function for your text matcher to make your matcher more flexible.\n\nIgnored nodes: comments, script, style\n\u001b[36m<body />\u001b[39m\n    at Object.getElementError (/workspaces/assistente-jur-dico-principal/node_modules/@testing-library/dom/dist/config.js:37:19)\n    at /workspaces/assistente-jur-dico-principal/node_modules/@testing-library/dom/dist/query-helpers.js:76:38\n    at /workspaces/assistente-jur-dico-principal/node_modules/@testing-library/dom/dist/query-helpers.js:52:17\n    at /workspaces/assistente-jur-dico-principal/node_modules/@testing-library/dom/dist/query-helpers.js:95:19\n    at /workspaces/assistente-jur-dico-principal/src/components/AdvancedNLPDashboard.test.tsx:475:21\n    at file:///workspaces/assistente-jur-dico-principal/node_modules/@vitest/runner/dist/index.js:146:14\n    at file:///workspaces/assistente-jur-dico-principal/node_modules/@vitest/runner/dist/index.js:533:11\n    at runWithTimeout (file:///workspaces/assistente-jur-dico-principal/node_modules/@vitest/runner/dist/index.js:39:7)\n    at runTest (file:///workspaces/assistente-jur-dico-principal/node_modules/@vitest/runner/dist/index.js:1056:17)\n    at runSuite (file:///workspaces/assistente-jur-dico-principal/node_modules/@vitest/runner/dist/index.js:1205:15)"],"meta":{}}],"startTime":1765473976417,"endTime":1765473976981.7498,"status":"failed","message":"","name":"/workspaces/assistente-jur-dico-principal/src/components/AdvancedNLPDashboard.test.tsx"},{"assertionResults":[{"ancestorTitles":["usePJeDocumentSync"],"fullName":"usePJeDocumentSync deve inicializar com estado padrão","status":"passed","title":"deve inicializar com estado padrão","duration":4.028071999997337,"failureMessages":[],"meta":{}},{"ancestorTitles":["usePJeDocumentSync"],"fullName":"usePJeDocumentSync deve verificar se a extensão está ativa","status":"passed","title":"deve verificar se a extensão está ativa","duration":4.034353999999439,"failureMessages":[],"meta":{}},{"ancestorTitles":["usePJeDocumentSync"],"fullName":"usePJeDocumentSync deve descartar documento","status":"passed","title":"deve descartar documento","duration":2.5617380000003322,"failureMessages":[],"meta":{}},{"ancestorTitles":["usePJeDocumentSync"],"fullName":"usePJeDocumentSync deve processar mensagem SYNC_DOCUMENTO","status":"passed","title":"deve processar mensagem SYNC_DOCUMENTO","duration":4.208848999998736,"failureMessages":[],"meta":{}}],"startTime":1765474000736,"endTime":1765474000750.2087,"status":"passed","message":"","name":"/workspaces/assistente-jur-dico-principal/src/hooks/use-pje-document-sync.test.ts"},{"assertionResults":[{"ancestorTitles":["useTimelineSync"],"fullName":"useTimelineSync deve filtrar expedientes ignorando formatação (replaceAll)","status":"pending","title":"deve filtrar expedientes ignorando formatação (replaceAll)","failureMessages":[],"meta":{}},{"ancestorTitles":["useTimelineSync"],"fullName":"useTimelineSync deve retornar vazio se não houver match","status":"pending","title":"deve retornar vazio se não houver match","failureMessages":[],"meta":{}}],"startTime":1765473975045,"endTime":1765473975045,"status":"passed","message":"","name":"/workspaces/assistente-jur-dico-principal/src/hooks/use-timeline-sync.test.ts"},{"assertionResults":[{"ancestorTitles":["useTiptapEditor"],"fullName":"useTiptapEditor returns editor from context","status":"passed","title":"returns editor from context","duration":1.9734410000091884,"failureMessages":[],"meta":{}},{"ancestorTitles":["useTiptapEditor"],"fullName":"useTiptapEditor returns provided editor if passed","status":"passed","title":"returns provided editor if passed","duration":1.0518119999906048,"failureMessages":[],"meta":{}}],"startTime":1765474055875,"endTime":1765474055878.0518,"status":"passed","message":"","name":"/workspaces/assistente-jur-dico-principal/src/hooks/use-tiptap-editor.test.ts"},{"assertionResults":[{"ancestorTitles":["AI Agents System","processTaskWithAI"],"fullName":"AI Agents System processTaskWithAI should process monitoring tasks successfully","status":"passed","title":"should process monitoring tasks successfully","duration":10.940873999999894,"failureMessages":[],"meta":{}},{"ancestorTitles":["AI Agents System","processTaskWithAI"],"fullName":"AI Agents System processTaskWithAI should process analysis tasks successfully","status":"passed","title":"should process analysis tasks successfully","duration":10.646915999999692,"failureMessages":[],"meta":{}},{"ancestorTitles":["AI Agents System","processTaskWithAI"],"fullName":"AI Agents System processTaskWithAI should process deadline calculation tasks","status":"passed","title":"should process deadline calculation tasks","duration":10.524137000000337,"failureMessages":[],"meta":{}},{"ancestorTitles":["AI Agents System","shouldPauseForHuman"],"fullName":"AI Agents System shouldPauseForHuman should pause for critical priority tasks","status":"passed","title":"should pause for critical priority tasks","duration":0.247482000000673,"failureMessages":[],"meta":{}},{"ancestorTitles":["AI Agents System","shouldPauseForHuman"],"fullName":"AI Agents System shouldPauseForHuman should pause for tasks that failed multiple times","status":"passed","title":"should pause for tasks that failed multiple times","duration":0.1538170000003447,"failureMessages":[],"meta":{}},{"ancestorTitles":["AI Agents System","shouldPauseForHuman"],"fullName":"AI Agents System shouldPauseForHuman should pause for sensitive task types","status":"passed","title":"should pause for sensitive task types","duration":0.15180299999974523,"failureMessages":[],"meta":{}},{"ancestorTitles":["AI Agents System","shouldPauseForHuman"],"fullName":"AI Agents System shouldPauseForHuman should not pause for normal tasks","status":"passed","title":"should not pause for normal tasks","duration":0.14495999999962805,"failureMessages":[],"meta":{}},{"ancestorTitles":["AI Agents System","canResumeAfterHuman"],"fullName":"AI Agents System canResumeAfterHuman should allow resume if explicitly marked","status":"passed","title":"should allow resume if explicitly marked","duration":0.20963100000062695,"failureMessages":[],"meta":{}},{"ancestorTitles":["AI Agents System","canResumeAfterHuman"],"fullName":"AI Agents System canResumeAfterHuman should allow resume for queued tasks","status":"passed","title":"should allow resume for queued tasks","duration":0.20441099999970902,"failureMessages":[],"meta":{}},{"ancestorTitles":["AI Agents System","canResumeAfterHuman"],"fullName":"AI Agents System canResumeAfterHuman should auto-resume after 24 hours","status":"passed","title":"should auto-resume after 24 hours","duration":0.2620889999998326,"failureMessages":[],"meta":{}},{"ancestorTitles":["AI Agents System","createTaskGenerator"],"fullName":"AI Agents System createTaskGenerator should generate tasks when started","status":"passed","title":"should generate tasks when started","duration":100.66147100000035,"failureMessages":[],"meta":{}},{"ancestorTitles":["AI Agents System","createTaskGenerator"],"fullName":"AI Agents System createTaskGenerator should respect maxTasksPerInterval","status":"passed","title":"should respect maxTasksPerInterval","duration":51.137275000000045,"failureMessages":[],"meta":{}},{"ancestorTitles":["AI Agents System","initializeAgents"],"fullName":"AI Agents System initializeAgents should return all default agents when no existing agents","status":"passed","title":"should return all default agents when no existing agents","duration":1.3261130000000776,"failureMessages":[],"meta":{}},{"ancestorTitles":["AI Agents System","initializeAgents"],"fullName":"AI Agents System initializeAgents should merge existing agents with defaults","status":"passed","title":"should merge existing agents with defaults","duration":0.4686940000001414,"failureMessages":[],"meta":{}},{"ancestorTitles":["AI Agents System","initializeAgents"],"fullName":"AI Agents System initializeAgents should have Harvey and Justin-e as primary agents","status":"passed","title":"should have Harvey and Justin-e as primary agents","duration":0.25701000000026397,"failureMessages":[],"meta":{}}],"startTime":1765473982176,"endTime":1765473982363.4688,"status":"passed","message":"","name":"/workspaces/assistente-jur-dico-principal/src/lib/agents.test.ts"},{"assertionResults":[{"ancestorTitles":["config.ts"],"fullName":"config.ts deve exportar objeto config","status":"passed","title":"deve exportar objeto config","duration":0.16265299999940908,"failureMessages":[],"meta":{}},{"ancestorTitles":["config.ts"],"fullName":"config.ts deve ter seção google com clientId, apiKey e redirectUri","status":"passed","title":"deve ter seção google com clientId, apiKey e redirectUri","duration":0.1342000000004191,"failureMessages":[],"meta":{}},{"ancestorTitles":["config.ts"],"fullName":"config.ts deve ter seção github","status":"passed","title":"deve ter seção github","duration":0.11035599999740953,"failureMessages":[],"meta":{}},{"ancestorTitles":["config.ts"],"fullName":"config.ts deve ter seção gitlab","status":"passed","title":"deve ter seção gitlab","duration":0.15219400000205496,"failureMessages":[],"meta":{}},{"ancestorTitles":["config.ts"],"fullName":"config.ts deve ter seção datajud","status":"passed","title":"deve ter seção datajud","duration":0.0995760000005248,"failureMessages":[],"meta":{}},{"ancestorTitles":["config.ts"],"fullName":"config.ts deve ter seção todoist","status":"passed","title":"deve ter seção todoist","duration":0.11119700000563171,"failureMessages":[],"meta":{}},{"ancestorTitles":["config.ts"],"fullName":"config.ts deve ter seção tavily","status":"passed","title":"deve ter seção tavily","duration":0.08557900000596419,"failureMessages":[],"meta":{}},{"ancestorTitles":["config.ts"],"fullName":"config.ts deve ter seção app","status":"passed","title":"deve ter seção app","duration":0.10477499999979045,"failureMessages":[],"meta":{}},{"ancestorTitles":["config.ts"],"fullName":"config.ts validateConfig deve ser uma função","status":"passed","title":"validateConfig deve ser uma função","duration":0.07563099999970291,"failureMessages":[],"meta":{}},{"ancestorTitles":["config.ts"],"fullName":"config.ts validateConfig deve retornar boolean","status":"passed","title":"validateConfig deve retornar boolean","duration":0.22726300000067567,"failureMessages":[],"meta":{}}],"startTime":1765474009050,"endTime":1765474009052.2273,"status":"passed","message":"","name":"/workspaces/assistente-jur-dico-principal/src/lib/config.test.ts"},{"assertionResults":[{"ancestorTitles":["DJEN API - Validações","validarFormatoData"],"fullName":"DJEN API - Validações validarFormatoData deve aceitar formato AAAA-MM-DD válido","status":"passed","title":"deve aceitar formato AAAA-MM-DD válido","duration":0.3565450000005512,"failureMessages":[],"meta":{}},{"ancestorTitles":["DJEN API - Validações","validarFormatoData"],"fullName":"DJEN API - Validações validarFormatoData deve rejeitar formatos inválidos","status":"passed","title":"deve rejeitar formatos inválidos","duration":0.17716999999902328,"failureMessages":[],"meta":{}},{"ancestorTitles":["DJEN API - Validações","validarFormatoData"],"fullName":"DJEN API - Validações validarFormatoData deve rejeitar datas inexistentes","status":"passed","title":"deve rejeitar datas inexistentes","duration":0.14890799999921,"failureMessages":[],"meta":{}},{"ancestorTitles":["DJEN API - Validações","validarNumeroOAB"],"fullName":"DJEN API - Validações validarNumeroOAB deve aceitar formato OAB/UF número válido","status":"passed","title":"deve aceitar formato OAB/UF número válido","duration":0.32429400000000896,"failureMessages":[],"meta":{}},{"ancestorTitles":["DJEN API - Validações","validarNumeroOAB"],"fullName":"DJEN API - Validações validarNumeroOAB deve rejeitar formatos inválidos","status":"passed","title":"deve rejeitar formatos inválidos","duration":0.20471100000031583,"failureMessages":[],"meta":{}},{"ancestorTitles":["DJEN API - Validações","getTribunaisDisponiveis"],"fullName":"DJEN API - Validações getTribunaisDisponiveis deve retornar lista de tribunais","status":"passed","title":"deve retornar lista de tribunais","duration":0.6793959999995423,"failureMessages":[],"meta":{}},{"ancestorTitles":["DJEN API - Validações","getTribunaisDisponiveis"],"fullName":"DJEN API - Validações getTribunaisDisponiveis deve retornar array imutável","status":"passed","title":"deve retornar array imutável","duration":0.4664199999988341,"failureMessages":[],"meta":{}},{"ancestorTitles":["DJEN API - Classe de Erro"],"fullName":"DJEN API - Classe de Erro deve criar erro com mensagem e tribunal","status":"passed","title":"deve criar erro com mensagem e tribunal","duration":0.2685010000004695,"failureMessages":[],"meta":{}},{"ancestorTitles":["DJEN API - Classe de Erro"],"fullName":"DJEN API - Classe de Erro deve criar erro com status code","status":"passed","title":"deve criar erro com status code","duration":0.22296500000084052,"failureMessages":[],"meta":{}},{"ancestorTitles":["DJEN API - Classe de Erro"],"fullName":"DJEN API - Classe de Erro deve ser instância de Error","status":"passed","title":"deve ser instância de Error","duration":0.2324430000007851,"failureMessages":[],"meta":{}},{"ancestorTitles":["DJEN API - Integração"],"fullName":"DJEN API - Integração deve lançar erro se não houver termo de busca","status":"passed","title":"deve lançar erro se não houver termo de busca","duration":0.5572890000003099,"failureMessages":[],"meta":{}},{"ancestorTitles":["DJEN API - Integração"],"fullName":"DJEN API - Integração deve processar resposta vazia corretamente","status":"passed","title":"deve processar resposta vazia corretamente","duration":1503.5769180000007,"failureMessages":[],"meta":{}},{"ancestorTitles":["DJEN API - Integração"],"fullName":"DJEN API - Integração deve filtrar publicações por nome do advogado","status":"passed","title":"deve filtrar publicações por nome do advogado","duration":1502.2971180000004,"failureMessages":[],"meta":{}},{"ancestorTitles":["DJEN API - Integração"],"fullName":"DJEN API - Integração deve identificar match por OAB","status":"passed","title":"deve identificar match por OAB","duration":1502.1842859999997,"failureMessages":[],"meta":{}},{"ancestorTitles":["DJEN API - Integração"],"fullName":"DJEN API - Integração deve identificar match por nome e OAB","status":"passed","title":"deve identificar match por nome e OAB","duration":1503.144859,"failureMessages":[],"meta":{}},{"ancestorTitles":["DJEN API - Integração"],"fullName":"DJEN API - Integração deve coletar erros de tribunais que falharem","status":"passed","title":"deve coletar erros de tribunais que falharem","duration":1502.389897000001,"failureMessages":[],"meta":{}},{"ancestorTitles":["DJEN API - Integração"],"fullName":"DJEN API - Integração deve usar data atual se não especificada","status":"passed","title":"deve usar data atual se não especificada","duration":1501.6264530000008,"failureMessages":[],"meta":{}},{"ancestorTitles":["DJEN API - Integração"],"fullName":"DJEN API - Integração deve aplicar delay entre requisições","status":"passed","title":"deve aplicar delay entre requisições","duration":202.31566999999995,"failureMessages":[],"meta":{}}],"startTime":1765473984536,"endTime":1765473993757.3157,"status":"passed","message":"","name":"/workspaces/assistente-jur-dico-principal/src/lib/djen-api.test.ts"},{"assertionResults":[{"ancestorTitles":["GoogleDocsService"],"fullName":"GoogleDocsService deve existir o módulo google-docs-service","status":"passed","title":"deve existir o módulo google-docs-service","duration":34.79038700000092,"failureMessages":[],"meta":{}},{"ancestorTitles":["GoogleDocsService"],"fullName":"GoogleDocsService deve ter método getStatus","status":"passed","title":"deve ter método getStatus","duration":0.9318780000030529,"failureMessages":[],"meta":{}},{"ancestorTitles":["GoogleDocsService"],"fullName":"GoogleDocsService deve ter método initialize","status":"passed","title":"deve ter método initialize","duration":0.5630209999981162,"failureMessages":[],"meta":{}},{"ancestorTitles":["GoogleDocsService"],"fullName":"GoogleDocsService deve ter método authenticate","status":"passed","title":"deve ter método authenticate","duration":0.5035490000009304,"failureMessages":[],"meta":{}},{"ancestorTitles":["GoogleDocsService"],"fullName":"GoogleDocsService deve ter método createDocument","status":"passed","title":"deve ter método createDocument","duration":0.40026600000055623,"failureMessages":[],"meta":{}},{"ancestorTitles":["GoogleDocsService"],"fullName":"GoogleDocsService deve ter método updateDocumentContent","status":"passed","title":"deve ter método updateDocumentContent","duration":0.399585000002844,"failureMessages":[],"meta":{}},{"ancestorTitles":["GoogleDocsService"],"fullName":"GoogleDocsService deve ter método getDocumentContent","status":"passed","title":"deve ter método getDocumentContent","duration":0.3648800000009942,"failureMessages":[],"meta":{}},{"ancestorTitles":["GoogleDocsService"],"fullName":"GoogleDocsService deve ter método syncDocument","status":"passed","title":"deve ter método syncDocument","duration":0.3564349999978731,"failureMessages":[],"meta":{}},{"ancestorTitles":["GoogleDocsService"],"fullName":"GoogleDocsService deve ter método isAuthenticated","status":"passed","title":"deve ter método isAuthenticated","duration":0.33848199999920325,"failureMessages":[],"meta":{}},{"ancestorTitles":["GoogleDocsService"],"fullName":"GoogleDocsService deve ter método isConfigured","status":"passed","title":"deve ter método isConfigured","duration":0.3069230000000971,"failureMessages":[],"meta":{}},{"ancestorTitles":["GoogleDocsService"],"fullName":"GoogleDocsService deve ter método revokeAccess","status":"passed","title":"deve ter método revokeAccess","duration":0.3306270000030054,"failureMessages":[],"meta":{}},{"ancestorTitles":["GoogleDocsService"],"fullName":"GoogleDocsService getStatus deve retornar objeto com propriedades corretas","status":"passed","title":"getStatus deve retornar objeto com propriedades corretas","duration":0.42902999999932945,"failureMessages":[],"meta":{}},{"ancestorTitles":["Retry Logic"],"fullName":"Retry Logic deve exportar constantes de configuração corretamente","status":"passed","title":"deve exportar constantes de configuração corretamente","duration":0.08757300000070245,"failureMessages":[],"meta":{}},{"ancestorTitles":["Token Cache"],"fullName":"Token Cache deve ter estrutura de cache implementada","status":"passed","title":"deve ter estrutura de cache implementada","duration":0.09187199999723816,"failureMessages":[],"meta":{}}],"startTime":1765474000663,"endTime":1765474000703.0918,"status":"passed","message":"","name":"/workspaces/assistente-jur-dico-principal/src/lib/google-docs-service.test.ts"},{"assertionResults":[{"ancestorTitles":["calcularPrazoCPC"],"fullName":"calcularPrazoCPC deve calcular prazo de 5 dias úteis corretamente","status":"passed","title":"deve calcular prazo de 5 dias úteis corretamente","duration":1.2923000000009779,"failureMessages":[],"meta":{}},{"ancestorTitles":["calcularPrazoCPC"],"fullName":"calcularPrazoCPC deve pular feriados nacionais no cálculo","status":"passed","title":"deve pular feriados nacionais no cálculo","duration":0.3940550000006624,"failureMessages":[],"meta":{}},{"ancestorTitles":["calcularPrazoCPC"],"fullName":"calcularPrazoCPC deve pular fins de semana no cálculo","status":"passed","title":"deve pular fins de semana no cálculo","duration":0.2149009999993723,"failureMessages":[],"meta":{}},{"ancestorTitles":["calcularPrazoCPC"],"fullName":"calcularPrazoCPC deve garantir que o prazo final caia em dia útil","status":"passed","title":"deve garantir que o prazo final caia em dia útil","duration":0.14012100000036298,"failureMessages":[],"meta":{}}],"startTime":1765474006509,"endTime":1765474006511.394,"status":"passed","message":"","name":"/workspaces/assistente-jur-dico-principal/src/lib/prazos.test.ts"},{"assertionResults":[{"ancestorTitles":["process-number-utils","normalizeProcessNumber"],"fullName":"process-number-utils normalizeProcessNumber removes all non-numeric characters","status":"passed","title":"removes all non-numeric characters","duration":0.29613199999948847,"failureMessages":[],"meta":{}},{"ancestorTitles":["process-number-utils","normalizeProcessNumber"],"fullName":"process-number-utils normalizeProcessNumber handles already normalized number","status":"passed","title":"handles already normalized number","duration":0.23828499999945052,"failureMessages":[],"meta":{}},{"ancestorTitles":["process-number-utils","normalizeProcessNumber"],"fullName":"process-number-utils normalizeProcessNumber handles undefined input","status":"passed","title":"handles undefined input","duration":0.1441290000002482,"failureMessages":[],"meta":{}},{"ancestorTitles":["process-number-utils","normalizeProcessNumber"],"fullName":"process-number-utils normalizeProcessNumber handles empty string","status":"passed","title":"handles empty string","duration":0.1499389999989944,"failureMessages":[],"meta":{}},{"ancestorTitles":["process-number-utils","normalizeProcessNumber"],"fullName":"process-number-utils normalizeProcessNumber removes spaces","status":"passed","title":"removes spaces","duration":0.18095700000048964,"failureMessages":[],"meta":{}},{"ancestorTitles":["process-number-utils","normalizeProcessNumber"],"fullName":"process-number-utils normalizeProcessNumber removes hyphens and dots","status":"passed","title":"removes hyphens and dots","duration":0.13091399999757414,"failureMessages":[],"meta":{}},{"ancestorTitles":["process-number-utils","normalizeProcessNumber"],"fullName":"process-number-utils normalizeProcessNumber handles special characters","status":"passed","title":"handles special characters","duration":0.1360739999981888,"failureMessages":[],"meta":{}},{"ancestorTitles":["process-number-utils","processNumbersMatch"],"fullName":"process-number-utils processNumbersMatch matches identical normalized numbers","status":"passed","title":"matches identical normalized numbers","duration":0.18154800000047544,"failureMessages":[],"meta":{}},{"ancestorTitles":["process-number-utils","processNumbersMatch"],"fullName":"process-number-utils processNumbersMatch matches numbers with different formatting","status":"passed","title":"matches numbers with different formatting","duration":0.15838500000245403,"failureMessages":[],"meta":{}},{"ancestorTitles":["process-number-utils","processNumbersMatch"],"fullName":"process-number-utils processNumbersMatch returns false for different numbers","status":"passed","title":"returns false for different numbers","duration":0.17440500000157044,"failureMessages":[],"meta":{}},{"ancestorTitles":["process-number-utils","processNumbersMatch"],"fullName":"process-number-utils processNumbersMatch returns false for undefined inputs","status":"passed","title":"returns false for undefined inputs","duration":0.2007549999980256,"failureMessages":[],"meta":{}},{"ancestorTitles":["process-number-utils","processNumbersMatch"],"fullName":"process-number-utils processNumbersMatch returns false for empty strings","status":"passed","title":"returns false for empty strings","duration":0.18500500000300235,"failureMessages":[],"meta":{}},{"ancestorTitles":["process-number-utils","processNumbersMatch"],"fullName":"process-number-utils processNumbersMatch is case insensitive (no letters anyway)","status":"passed","title":"is case insensitive (no letters anyway)","duration":0.1321060000009311,"failureMessages":[],"meta":{}},{"ancestorTitles":["process-number-utils","formatProcessNumber"],"fullName":"process-number-utils formatProcessNumber formats 20-digit number correctly","status":"passed","title":"formats 20-digit number correctly","duration":0.16748199999710778,"failureMessages":[],"meta":{}},{"ancestorTitles":["process-number-utils","formatProcessNumber"],"fullName":"process-number-utils formatProcessNumber handles already formatted number","status":"passed","title":"handles already formatted number","duration":0.14511099999799626,"failureMessages":[],"meta":{}},{"ancestorTitles":["process-number-utils","formatProcessNumber"],"fullName":"process-number-utils formatProcessNumber returns original for invalid length","status":"passed","title":"returns original for invalid length","duration":0.14499000000068918,"failureMessages":[],"meta":{}},{"ancestorTitles":["process-number-utils","formatProcessNumber"],"fullName":"process-number-utils formatProcessNumber handles 19-digit number (returns original)","status":"passed","title":"handles 19-digit number (returns original)","duration":0.14349700000093435,"failureMessages":[],"meta":{}},{"ancestorTitles":["process-number-utils","formatProcessNumber"],"fullName":"process-number-utils formatProcessNumber handles 21-digit number (returns original)","status":"passed","title":"handles 21-digit number (returns original)","duration":0.14110399999844958,"failureMessages":[],"meta":{}},{"ancestorTitles":["process-number-utils","formatProcessNumber"],"fullName":"process-number-utils formatProcessNumber formats unformatted valid number","status":"passed","title":"formats unformatted valid number","duration":0.14671300000190968,"failureMessages":[],"meta":{}},{"ancestorTitles":["process-number-utils","isValidProcessNumber"],"fullName":"process-number-utils isValidProcessNumber validates 20-digit number","status":"passed","title":"validates 20-digit number","duration":0.16782299999977113,"failureMessages":[],"meta":{}},{"ancestorTitles":["process-number-utils","isValidProcessNumber"],"fullName":"process-number-utils isValidProcessNumber validates formatted 20-digit number","status":"passed","title":"validates formatted 20-digit number","duration":0.13116399999853456,"failureMessages":[],"meta":{}},{"ancestorTitles":["process-number-utils","isValidProcessNumber"],"fullName":"process-number-utils isValidProcessNumber rejects numbers with less than 20 digits","status":"passed","title":"rejects numbers with less than 20 digits","duration":0.1626539999997476,"failureMessages":[],"meta":{}},{"ancestorTitles":["process-number-utils","isValidProcessNumber"],"fullName":"process-number-utils isValidProcessNumber rejects numbers with more than 20 digits","status":"passed","title":"rejects numbers with more than 20 digits","duration":0.12830899999971734,"failureMessages":[],"meta":{}},{"ancestorTitles":["process-number-utils","isValidProcessNumber"],"fullName":"process-number-utils isValidProcessNumber rejects undefined","status":"passed","title":"rejects undefined","duration":0.12616500000149244,"failureMessages":[],"meta":{}},{"ancestorTitles":["process-number-utils","isValidProcessNumber"],"fullName":"process-number-utils isValidProcessNumber rejects empty string","status":"passed","title":"rejects empty string","duration":0.10945400000127847,"failureMessages":[],"meta":{}},{"ancestorTitles":["process-number-utils","isValidProcessNumber"],"fullName":"process-number-utils isValidProcessNumber rejects non-numeric strings","status":"passed","title":"rejects non-numeric strings","duration":0.11441399999966961,"failureMessages":[],"meta":{}},{"ancestorTitles":["process-number-utils","isValidProcessNumber"],"fullName":"process-number-utils isValidProcessNumber accepts number with special characters if 20 digits","status":"passed","title":"accepts number with special characters if 20 digits","duration":0.11104699999850709,"failureMessages":[],"meta":{}},{"ancestorTitles":["process-number-utils","Integration tests"],"fullName":"process-number-utils Integration tests normalizes, validates, and formats complete flow","status":"passed","title":"normalizes, validates, and formats complete flow","duration":0.1710590000002412,"failureMessages":[],"meta":{}},{"ancestorTitles":["process-number-utils","Integration tests"],"fullName":"process-number-utils Integration tests matches different representations of same process","status":"passed","title":"matches different representations of same process","duration":3.272664000000077,"failureMessages":[],"meta":{}},{"ancestorTitles":["process-number-utils","Integration tests"],"fullName":"process-number-utils Integration tests handles real CNJ process numbers","status":"passed","title":"handles real CNJ process numbers","duration":0.3595409999979893,"failureMessages":[],"meta":{}},{"ancestorTitles":["process-number-utils","Edge cases"],"fullName":"process-number-utils Edge cases handles process number with extra spaces","status":"passed","title":"handles process number with extra spaces","duration":0.13323900000250433,"failureMessages":[],"meta":{}},{"ancestorTitles":["process-number-utils","Edge cases"],"fullName":"process-number-utils Edge cases handles number with Unicode characters","status":"passed","title":"handles number with Unicode characters","duration":0.16667099999904167,"failureMessages":[],"meta":{}},{"ancestorTitles":["process-number-utils","Edge cases"],"fullName":"process-number-utils Edge cases handles partial process numbers","status":"passed","title":"handles partial process numbers","duration":0.1807970000008936,"failureMessages":[],"meta":{}}],"startTime":1765473993931,"endTime":1765473993940.181,"status":"passed","message":"","name":"/workspaces/assistente-jur-dico-principal/src/lib/process-number-utils.test.ts"},{"assertionResults":[{"ancestorTitles":["process-timeline-utils","expedientesToProcessEvents"],"fullName":"process-timeline-utils expedientesToProcessEvents deve converter expedientes corretamente","status":"passed","title":"deve converter expedientes corretamente","duration":0.4206850000009581,"failureMessages":[],"meta":{}},{"ancestorTitles":["process-timeline-utils","minutasToProcessEvents"],"fullName":"process-timeline-utils minutasToProcessEvents deve converter minutas criadas por agente com source 'ia'","status":"passed","title":"deve converter minutas criadas por agente com source 'ia'","duration":0.3009410000013304,"failureMessages":[],"meta":{}},{"ancestorTitles":["process-timeline-utils","minutasToProcessEvents"],"fullName":"process-timeline-utils minutasToProcessEvents deve converter minutas manuais com source 'manual'","status":"passed","title":"deve converter minutas manuais com source 'manual'","duration":0.2008540000024368,"failureMessages":[],"meta":{}}],"startTime":1765474006525,"endTime":1765474006525.4207,"status":"passed","message":"","name":"/workspaces/assistente-jur-dico-principal/src/lib/process-timeline-utils.test.ts"},{"assertionResults":[{"ancestorTitles":["tiptap-utils","cn (className utility)"],"fullName":"tiptap-utils cn (className utility) combines multiple class names","status":"passed","title":"combines multiple class names","duration":0.31072000000131084,"failureMessages":[],"meta":{}},{"ancestorTitles":["tiptap-utils","cn (className utility)"],"fullName":"tiptap-utils cn (className utility) filters out falsy values","status":"passed","title":"filters out falsy values","duration":0.2127970000001369,"failureMessages":[],"meta":{}},{"ancestorTitles":["tiptap-utils","cn (className utility)"],"fullName":"tiptap-utils cn (className utility) handles empty input","status":"passed","title":"handles empty input","duration":0.1645970000026864,"failureMessages":[],"meta":{}},{"ancestorTitles":["tiptap-utils","cn (className utility)"],"fullName":"tiptap-utils cn (className utility) handles conditional classes","status":"passed","title":"handles conditional classes","duration":1.6422329999986687,"failureMessages":[],"meta":{}},{"ancestorTitles":["tiptap-utils","isMac"],"fullName":"tiptap-utils isMac detects macOS platform","status":"passed","title":"detects macOS platform","duration":0.30093200000192155,"failureMessages":[],"meta":{}},{"ancestorTitles":["tiptap-utils","isMac"],"fullName":"tiptap-utils isMac detects non-macOS platform","status":"passed","title":"detects non-macOS platform","duration":0.2078880000008212,"failureMessages":[],"meta":{}},{"ancestorTitles":["tiptap-utils","isMac"],"fullName":"tiptap-utils isMac handles undefined navigator","status":"passed","title":"handles undefined navigator","duration":0.15938699999969685,"failureMessages":[],"meta":{}},{"ancestorTitles":["tiptap-utils","MAC_SYMBOLS"],"fullName":"tiptap-utils MAC_SYMBOLS contains expected symbols","status":"passed","title":"contains expected symbols","duration":0.6254459999981918,"failureMessages":[],"meta":{}},{"ancestorTitles":["tiptap-utils","SR_ONLY"],"fullName":"tiptap-utils SR_ONLY has screen reader only styles","status":"passed","title":"has screen reader only styles","duration":0.25645799999983865,"failureMessages":[],"meta":{}},{"ancestorTitles":["tiptap-utils","MAX_FILE_SIZE"],"fullName":"tiptap-utils MAX_FILE_SIZE is 5MB","status":"passed","title":"is 5MB","duration":2.234156999998959,"failureMessages":[],"meta":{}},{"ancestorTitles":["tiptap-utils","handleImageUpload"],"fullName":"tiptap-utils handleImageUpload validates file size","status":"passed","title":"validates file size","duration":490.68125900000086,"failureMessages":[],"meta":{}},{"ancestorTitles":["tiptap-utils","handleImageUpload"],"fullName":"tiptap-utils handleImageUpload validates file type","status":"passed","title":"validates file type","duration":0.5693319999991218,"failureMessages":[],"meta":{}},{"ancestorTitles":["tiptap-utils","handleImageUpload"],"fullName":"tiptap-utils handleImageUpload handles valid image file","status":"passed","title":"handles valid image file","duration":112.62134099999821,"failureMessages":[],"meta":{}},{"ancestorTitles":["tiptap-utils","Edge cases"],"fullName":"tiptap-utils Edge cases handles empty strings in cn","status":"passed","title":"handles empty strings in cn","duration":0.22590100000161328,"failureMessages":[],"meta":{}},{"ancestorTitles":["tiptap-utils","Edge cases"],"fullName":"tiptap-utils Edge cases handles whitespace in cn","status":"passed","title":"handles whitespace in cn","duration":0.16176199999972596,"failureMessages":[],"meta":{}},{"ancestorTitles":["tiptap-utils","Edge cases"],"fullName":"tiptap-utils Edge cases handles very large file gracefully","status":"passed","title":"handles very large file gracefully","duration":0.4072489999998652,"failureMessages":[],"meta":{}}],"startTime":1765473994533,"endTime":1765473995144.4072,"status":"passed","message":"","name":"/workspaces/assistente-jur-dico-principal/src/lib/tiptap-utils.test.ts"},{"assertionResults":[{"ancestorTitles":["TodoistClient","Inicialização"],"fullName":"TodoistClient Inicialização deve criar cliente quando API key está configurada","status":"skipped","title":"deve criar cliente quando API key está configurada","failureMessages":[],"meta":{}},{"ancestorTitles":["TodoistClient","Inicialização"],"fullName":"TodoistClient Inicialização deve retornar a API","status":"skipped","title":"deve retornar a API","failureMessages":[],"meta":{}},{"ancestorTitles":["TodoistClient","Adicionar Tarefas"],"fullName":"TodoistClient Adicionar Tarefas deve adicionar uma tarefa simples","status":"skipped","title":"deve adicionar uma tarefa simples","failureMessages":[],"meta":{}},{"ancestorTitles":["TodoistClient","Adicionar Tarefas"],"fullName":"TodoistClient Adicionar Tarefas deve adicionar tarefa com todos os parâmetros","status":"skipped","title":"deve adicionar tarefa com todos os parâmetros","failureMessages":[],"meta":{}},{"ancestorTitles":["TodoistClient","Listar Tarefas"],"fullName":"TodoistClient Listar Tarefas deve listar todas as tarefas","status":"skipped","title":"deve listar todas as tarefas","failureMessages":[],"meta":{}},{"ancestorTitles":["TodoistClient","Listar Tarefas"],"fullName":"TodoistClient Listar Tarefas deve listar tarefas de um projeto específico","status":"skipped","title":"deve listar tarefas de um projeto específico","failureMessages":[],"meta":{}},{"ancestorTitles":["TodoistClient","Gerenciar Projetos"],"fullName":"TodoistClient Gerenciar Projetos deve listar projetos","status":"skipped","title":"deve listar projetos","failureMessages":[],"meta":{}},{"ancestorTitles":["TodoistClient","Gerenciar Projetos"],"fullName":"TodoistClient Gerenciar Projetos deve criar um projeto","status":"skipped","title":"deve criar um projeto","failureMessages":[],"meta":{}},{"ancestorTitles":["TodoistClient","Completar Tarefas"],"fullName":"TodoistClient Completar Tarefas deve marcar tarefa como concluída","status":"skipped","title":"deve marcar tarefa como concluída","failureMessages":[],"meta":{}},{"ancestorTitles":["TodoistClient","Atualizar Tarefas"],"fullName":"TodoistClient Atualizar Tarefas deve atualizar o conteúdo da tarefa","status":"skipped","title":"deve atualizar o conteúdo da tarefa","failureMessages":[],"meta":{}},{"ancestorTitles":["TodoistClient","Deletar Tarefas"],"fullName":"TodoistClient Deletar Tarefas deve deletar uma tarefa","status":"skipped","title":"deve deletar uma tarefa","failureMessages":[],"meta":{}},{"ancestorTitles":["TodoistClient","Tratamento de Erros"],"fullName":"TodoistClient Tratamento de Erros deve propagar erro ao adicionar tarefa","status":"skipped","title":"deve propagar erro ao adicionar tarefa","failureMessages":[],"meta":{}}],"startTime":1765473975045,"endTime":1765473975045,"status":"passed","message":"","name":"/workspaces/assistente-jur-dico-principal/src/lib/todoist-client.test.ts"},{"assertionResults":[{"ancestorTitles":["Todoist Integration - Estruturas de Dados","Estrutura de Tarefas Jurídicas"],"fullName":"Todoist Integration - Estruturas de Dados Estrutura de Tarefas Jurídicas deve criar estrutura de tarefa jurídica correta","status":"passed","title":"deve criar estrutura de tarefa jurídica correta","duration":0.410014000000956,"failureMessages":[],"meta":{}},{"ancestorTitles":["Todoist Integration - Estruturas de Dados","Estrutura de Tarefas Jurídicas"],"fullName":"Todoist Integration - Estruturas de Dados Estrutura de Tarefas Jurídicas deve aceitar prioridades válidas (1-4)","status":"passed","title":"deve aceitar prioridades válidas (1-4)","duration":0.20830900000146357,"failureMessages":[],"meta":{}},{"ancestorTitles":["Todoist Integration - Estruturas de Dados","Estrutura de Tarefas Jurídicas"],"fullName":"Todoist Integration - Estruturas de Dados Estrutura de Tarefas Jurídicas deve ter campos obrigatórios","status":"passed","title":"deve ter campos obrigatórios","duration":0.14055200000075274,"failureMessages":[],"meta":{}},{"ancestorTitles":["Todoist Integration - Estruturas de Dados","Estrutura de Processos"],"fullName":"Todoist Integration - Estruturas de Dados Estrutura de Processos deve criar estrutura de processo com prazos","status":"passed","title":"deve criar estrutura de processo com prazos","duration":0.25631799999973737,"failureMessages":[],"meta":{}},{"ancestorTitles":["Todoist Integration - Estruturas de Dados","Estrutura de Processos"],"fullName":"Todoist Integration - Estruturas de Dados Estrutura de Processos deve gerar labels corretos para tarefas processuais","status":"passed","title":"deve gerar labels corretos para tarefas processuais","duration":0.21481100000164588,"failureMessages":[],"meta":{}},{"ancestorTitles":["Todoist Integration - Estruturas de Dados","Formato de Datas"],"fullName":"Todoist Integration - Estruturas de Dados Formato de Datas deve aceitar data no formato ISO (YYYY-MM-DD)","status":"passed","title":"deve aceitar data no formato ISO (YYYY-MM-DD)","duration":0.10319299999900977,"failureMessages":[],"meta":{}},{"ancestorTitles":["Todoist Integration - Estruturas de Dados","Formato de Datas"],"fullName":"Todoist Integration - Estruturas de Dados Formato de Datas deve calcular data de hoje corretamente","status":"passed","title":"deve calcular data de hoje corretamente","duration":0.10347300000285031,"failureMessages":[],"meta":{}},{"ancestorTitles":["Todoist Integration - Estruturas de Dados","Filtros de Busca"],"fullName":"Todoist Integration - Estruturas de Dados Filtros de Busca deve criar filtro de busca por texto","status":"passed","title":"deve criar filtro de busca por texto","duration":0.17639799999960815,"failureMessages":[],"meta":{}},{"ancestorTitles":["Todoist Integration - Estruturas de Dados","Filtros de Busca"],"fullName":"Todoist Integration - Estruturas de Dados Filtros de Busca deve criar filtro do Todoist para prioridade","status":"passed","title":"deve criar filtro do Todoist para prioridade","duration":0.1572230000019772,"failureMessages":[],"meta":{}},{"ancestorTitles":["Todoist Integration - Estruturas de Dados","Filtros de Busca"],"fullName":"Todoist Integration - Estruturas de Dados Filtros de Busca deve criar filtro para próximos 3 dias","status":"passed","title":"deve criar filtro para próximos 3 dias","duration":0.161510999998427,"failureMessages":[],"meta":{}},{"ancestorTitles":["Todoist Integration - Estruturas de Dados","Labels e Categorização"],"fullName":"Todoist Integration - Estruturas de Dados Labels e Categorização deve normalizar tipo de tarefa para label","status":"passed","title":"deve normalizar tipo de tarefa para label","duration":0.3168809999988298,"failureMessages":[],"meta":{}},{"ancestorTitles":["Todoist Integration - Estruturas de Dados","Labels e Categorização"],"fullName":"Todoist Integration - Estruturas de Dados Labels e Categorização deve incluir labels padrão para tarefas processuais","status":"passed","title":"deve incluir labels padrão para tarefas processuais","duration":0.2477419999995618,"failureMessages":[],"meta":{}},{"ancestorTitles":["Todoist Integration - Estruturas de Dados","Validação de Entrada"],"fullName":"Todoist Integration - Estruturas de Dados Validação de Entrada deve validar número de processo","status":"passed","title":"deve validar número de processo","duration":0.29048099999999977,"failureMessages":[],"meta":{}},{"ancestorTitles":["Todoist Integration - Estruturas de Dados","Validação de Entrada"],"fullName":"Todoist Integration - Estruturas de Dados Validação de Entrada deve validar conteúdo não vazio","status":"passed","title":"deve validar conteúdo não vazio","duration":0.14673300000140443,"failureMessages":[],"meta":{}},{"ancestorTitles":["Todoist Integration - Estruturas de Dados","Transformação de Dados"],"fullName":"Todoist Integration - Estruturas de Dados Transformação de Dados deve converter dueDate para dueString","status":"passed","title":"deve converter dueDate para dueString","duration":0.5689410000013595,"failureMessages":[],"meta":{}},{"ancestorTitles":["Todoist Integration - Estruturas de Dados","Transformação de Dados"],"fullName":"Todoist Integration - Estruturas de Dados Transformação de Dados deve manter outros campos intactos","status":"passed","title":"deve manter outros campos intactos","duration":0.21327799999926356,"failureMessages":[],"meta":{}},{"ancestorTitles":["Todoist Integration - Estruturas de Dados","Geração de Conteúdo de Tarefas"],"fullName":"Todoist Integration - Estruturas de Dados Geração de Conteúdo de Tarefas deve formatar tarefa de prazo processual corretamente","status":"passed","title":"deve formatar tarefa de prazo processual corretamente","duration":0.12711699999999837,"failureMessages":[],"meta":{}},{"ancestorTitles":["Todoist Integration - Estruturas de Dados","Geração de Conteúdo de Tarefas"],"fullName":"Todoist Integration - Estruturas de Dados Geração de Conteúdo de Tarefas deve adicionar informações do processo na descrição","status":"passed","title":"deve adicionar informações do processo na descrição","duration":0.14608199999929639,"failureMessages":[],"meta":{}},{"ancestorTitles":["Todoist Integration - Estruturas de Dados","Múltiplas Tarefas"],"fullName":"Todoist Integration - Estruturas de Dados Múltiplas Tarefas deve criar array de tarefas para múltiplos prazos","status":"passed","title":"deve criar array de tarefas para múltiplos prazos","duration":0.2733200000002398,"failureMessages":[],"meta":{}}],"startTime":1765473994058,"endTime":1765473994062.2734,"status":"passed","message":"","name":"/workspaces/assistente-jur-dico-principal/src/lib/todoist-integration.test.ts"},{"assertionResults":[{"ancestorTitles":["Validação de Processo"],"fullName":"Validação de Processo deve validar processo completo válido","status":"passed","title":"deve validar processo completo válido","duration":1.2585570000010193,"failureMessages":[],"meta":{}},{"ancestorTitles":["Validação de Processo"],"fullName":"Validação de Processo deve rejeitar número CNJ inválido","status":"passed","title":"deve rejeitar número CNJ inválido","duration":1.2129019999993034,"failureMessages":[],"meta":{}},{"ancestorTitles":["Validação de Processo"],"fullName":"Validação de Processo deve validar formato de número CNJ","status":"passed","title":"deve validar formato de número CNJ","duration":0.3496530000011262,"failureMessages":[],"meta":{}},{"ancestorTitles":["Validação de Cliente"],"fullName":"Validação de Cliente deve validar cliente com CPF válido","status":"passed","title":"deve validar cliente com CPF válido","duration":0.7428350000009232,"failureMessages":[],"meta":{}},{"ancestorTitles":["Validação de Cliente"],"fullName":"Validação de Cliente deve validar cliente com CNPJ válido","status":"passed","title":"deve validar cliente com CNPJ válido","duration":0.3652409999995143,"failureMessages":[],"meta":{}},{"ancestorTitles":["Validação de Cliente"],"fullName":"Validação de Cliente deve rejeitar email inválido","status":"passed","title":"deve rejeitar email inválido","duration":0.4191820000014559,"failureMessages":[],"meta":{}},{"ancestorTitles":["Validação de CPF"],"fullName":"Validação de CPF deve validar CPF com dígitos verificadores corretos","status":"passed","title":"deve validar CPF com dígitos verificadores corretos","duration":0.26038599999810685,"failureMessages":[],"meta":{}},{"ancestorTitles":["Validação de CPF"],"fullName":"Validação de CPF deve rejeitar CPF com dígitos verificadores incorretos","status":"passed","title":"deve 
[...]
l de notificação sem actionUrl","status":"passed","title":"deve enviar email de notificação sem actionUrl","duration":0.43616300000212505,"failureMessages":[],"meta":{}},{"ancestorTitles":["Email Service","sendUrgentDeadlineAlert"],"fullName":"Email Service sendUrgentDeadlineAlert deve enviar alerta urgente de prazo","status":"passed","title":"deve enviar alerta urgente de prazo","duration":0.3306769999981043,"failureMessages":[],"meta":{}},{"ancestorTitles":["Email Service","sendUrgentDeadlineAlert"],"fullName":"Email Service sendUrgentDeadlineAlert deve incluir número do processo no email","status":"passed","title":"deve incluir número do processo no email","duration":0.3342530000008992,"failureMessages":[],"meta":{}},{"ancestorTitles":["Email Service","sendDailySummaryEmail"],"fullName":"Email Service sendDailySummaryEmail deve enviar resumo diário com métricas","status":"passed","title":"deve enviar resumo diário com métricas","duration":0.4192719999991823,"failureMessages":[],"meta":{}},{"ancestorTitles":["Email Service","sendDailySummaryEmail"],"fullName":"Email Service sendDailySummaryEmail deve aceitar métricas zeradas","status":"passed","title":"deve aceitar métricas zeradas","duration":0.38211500000033993,"failureMessages":[],"meta":{}}],"startTime":1765473994397,"endTime":1765473994402.4192,"status":"passed","message":"","name":"/workspaces/assistente-jur-dico-principal/api/lib/email-service.test.ts"},{"assertionResults":[{"ancestorTitles":["agentMonitor.trackTaskExecution"],"fullName":"agentMonitor.trackTaskExecution tracks successful execution","status":"passed","title":"tracks successful execution","duration":1.0384369999992487,"failureMessages":[],"meta":{}},{"ancestorTitles":["agentMonitor.trackTaskExecution"],"fullName":"agentMonitor.trackTaskExecution tracks failed execution","status":"passed","title":"tracks failed execution","duration":1.0519820000008622,"failureMessages":[],"meta":{}},{"ancestorTitles":["agentMonitor.trackTaskExecution"],"fullName":"agentMonitor.trackTaskExecution returns metrics when requested","status":"passed","title":"returns metrics when requested","duration":1.2151359999988927,"failureMessages":[],"meta":{}},{"ancestorTitles":["agentMonitor.trackTaskExecution"],"fullName":"agentMonitor.trackTaskExecution handles async task execution with timing","status":"passed","title":"handles async task execution with timing","duration":101.26137000000017,"failureMessages":[],"meta":{}},{"ancestorTitles":["agentMonitor.trackTaskExecution"],"fullName":"agentMonitor.trackTaskExecution propagates errors correctly","status":"passed","title":"propagates errors correctly","duration":1.0062260000013339,"failureMessages":[],"meta":{}},{"ancestorTitles":["agentMonitor.trackTaskExecution"],"fullName":"agentMonitor.trackTaskExecution handles multiple concurrent tasks","status":"passed","title":"handles multiple concurrent tasks","duration":0.9682159999974829,"failureMessages":[],"meta":{}},{"ancestorTitles":["agentMonitor.logAction"],"fullName":"agentMonitor.logAction logs action successfully","status":"passed","title":"logs action successfully","duration":0.68483699999706,"failureMessages":[],"meta":{}},{"ancestorTitles":["agentMonitor.logAction"],"fullName":"agentMonitor.logAction logs failed action","status":"passed","title":"logs failed action","duration":0.5077669999991485,"failureMessages":[],"meta":{}},{"ancestorTitles":["agentMonitor.logStatusChange"],"fullName":"agentMonitor.logStatusChange logs status change","status":"passed","title":"logs status change","duration":0.5053120000011404,"failureMessages":[],"meta":{}}],"startTime":1765473994232,"endTime":1765473994340.5054,"status":"passed","message":"","name":"/workspaces/assistente-jur-dico-principal/api/tests/agent-monitoring.test.ts"},{"assertionResults":[{"ancestorTitles":["agents API handler"],"fullName":"agents API handler should reject unauthorized requests","status":"passed","title":"should reject unauthorized requests","duration":0.7329470000040601,"failureMessages":[],"meta":{}},{"ancestorTitles":["agents API handler"],"fullName":"agents API handler should return no pending tasks message","status":"passed","title":"should return no pending tasks message","duration":3.474579999994603,"failureMessages":[],"meta":{}},{"ancestorTitles":["agents API handler"],"fullName":"agents API handler should return memory array (empty)","status":"passed","title":"should return memory array (empty)","duration":0.6759999999994761,"failureMessages":[],"meta":{}}],"startTime":1765474009176,"endTime":1765474009180.676,"status":"passed","message":"","name":"/workspaces/assistente-jur-dico-principal/api/tests/agents-api.test.ts"},{"assertionResults":[{"ancestorTitles":["Integration: DJEN Monitor -> Agent Workflow"],"fullName":"Integration: DJEN Monitor -> Agent Workflow Step 1: DJEN Monitor should find publications and store them","status":"passed","title":"Step 1: DJEN Monitor should find publications and store them","duration":0.2525610000011511,"failureMessages":[],"meta":{}}],"startTime":1765474009157,"endTime":1765474009157.2524,"status":"passed","message":"","name":"/workspaces/assistente-jur-dico-principal/api/tests/djen-agent-flow.test.ts"},{"assertionResults":[{"ancestorTitles":["extension-errors local E2E"],"fullName":"extension-errors local E2E runs the local script and validates the flow","status":"passed","title":"runs the local script and validates the flow","duration":2047.1743050000077,"failureMessages":[],"meta":{}}],"startTime":1765474058014,"endTime":1765474060061.1743,"status":"passed","message":"","name":"/workspaces/assistente-jur-dico-principal/api/tests/extension-errors.local-e2e.test.ts"},{"assertionResults":[{"ancestorTitles":["extension errors API"],"fullName":"extension errors API should accept error events and store in redis","status":"passed","title":"should accept error events and store in redis","duration":11.034194000003481,"failureMessages":[],"meta":{}},{"ancestorTitles":["extension errors API"],"fullName":"extension errors API should reject when API key is configured and not provided or invalid","status":"passed","title":"should reject when API key is configured and not provided or invalid","duration":1.3811659999992116,"failureMessages":[],"meta":{}},{"ancestorTitles":["extension errors API"],"fullName":"extension errors API should accept when API key is configured and valid","status":"passed","title":"should accept when API key is configured and valid","duration":1.5127510000020266,"failureMessages":[],"meta":{}}],"startTime":1765474005884,"endTime":1765474005897.5127,"status":"passed","message":"","name":"/workspaces/assistente-jur-dico-principal/api/tests/extension-errors.test.ts"},{"assertionResults":[{"ancestorTitles":["legalMemory"],"fullName":"legalMemory adds context and can retrieve it","status":"passed","title":"adds context and can retrieve it","duration":1.243149000001722,"failureMessages":[],"meta":{}},{"ancestorTitles":["legalMemory"],"fullName":"legalMemory search finds added item","status":"passed","title":"search finds added item","duration":0.24218200000177603,"failureMessages":[],"meta":{}},{"ancestorTitles":["legalMemory"],"fullName":"legalMemory updates existing item","status":"passed","title":"updates existing item","duration":0.3912300000083633,"failureMessages":[],"meta":{}}],"startTime":1765474057121,"endTime":1765474057123.391,"status":"passed","message":"","name":"/workspaces/assistente-jur-dico-principal/api/tests/legal-memory.test.ts"},{"assertionResults":[{"ancestorTitles":["pje-sync integration tests"],"fullName":"pje-sync integration tests should create expediente when existing process is updated (createExpedienteFromChange)","status":"passed","title":"should create expediente when existing process is updated (createExpedienteFromChange)","duration":63.50404899999921,"failureMessages":[],"meta":{}},{"ancestorTitles":["pje-sync integration tests"],"fullName":"pje-sync integration tests should return 401 for invalid API key","status":"passed","title":"should return 401 for invalid API key","duration":5.167838000001211,"failureMessages":[],"meta":{}},{"ancestorTitles":["pje-sync integration tests"],"fullName":"pje-sync integration tests should return 400 for invalid process data","status":"passed","title":"should return 400 for invalid process data","duration":6.925964000001841,"failureMessages":[],"meta":{}},{"ancestorTitles":["pje-sync integration tests"],"fullName":"pje-sync integration tests should return 400 for invalid expediente data","status":"passed","title":"should return 400 for invalid expediente data","duration":4.951634999997623,"failureMessages":[],"meta":{}},{"ancestorTitles":["pje-sync integration tests"],"fullName":"pje-sync integration tests should import successfully and use fallback in-memory redis when UPSTASH env is missing","status":"passed","title":"should import successfully and use fallback in-memory redis when UPSTASH env is missing","duration":5.236520999998902,"failureMessages":[],"meta":{}}],"startTime":1765473994114,"endTime":1765473994200.2366,"status":"passed","message":"","name":"/workspaces/assistente-jur-dico-principal/api/tests/pje-sync.integration.test.ts"},{"assertionResults":[{"ancestorTitles":["pje-sync API"],"fullName":"pje-sync API should reject unauthorized requests","status":"passed","title":"should reject unauthorized requests","duration":5.5964269999967655,"failureMessages":[],"meta":{}},{"ancestorTitles":["pje-sync API"],"fullName":"pje-sync API should process SYNC_PROCESSOS and return synced count","status":"passed","title":"should process SYNC_PROCESSOS and return synced count","duration":1.8113180000000284,"failureMessages":[],"meta":{}},{"ancestorTitles":["pje-sync API"],"fullName":"pje-sync API should process SYNC_EXPEDIENTES and return created count","status":"passed","title":"should process SYNC_EXPEDIENTES and return created count","duration":2.7515719999973953,"failureMessages":[],"meta":{}}],"startTime":1765473995177,"endTime":1765473995187.7515,"status":"passed","message":"","name":"/workspaces/assistente-jur-dico-principal/api/tests/pje-sync.test.ts"},{"assertionResults":[{"ancestorTitles":["process-task API"],"fullName":"process-task API should process an analyze_intimation task and return analysis result","status":"passed","title":"should process an analyze_intimation task and return analysis result","duration":2.4321659999986878,"failureMessages":[],"meta":{}},{"ancestorTitles":["process-task API"],"fullName":"process-task API should return message for unknown task without text","status":"passed","title":"should return message for unknown task without text","duration":0.5388050000001385,"failureMessages":[],"meta":{}}],"startTime":1765474000643,"endTime":1765474000645.5388,"status":"passed","message":"","name":"/workspaces/assistente-jur-dico-principal/api/tests/process-task.test.ts"},{"assertionResults":[{"ancestorTitles":["status API"],"fullName":"status API should respond to OPTIONS with 200 and set headers","status":"passed","title":"should respond to OPTIONS with 200 and set headers","duration":0.3725449999983539,"failureMessages":[],"meta":{}},{"ancestorTitles":["status API"],"fullName":"status API should respond 'loaded' for /loaded routes (POST)","status":"passed","title":"should respond 'loaded' for /loaded routes (POST)","duration":0.2840699999978824,"failureMessages":[],"meta":{}},{"ancestorTitles":["status API"],"fullName":"status API should respond 'ok' for loaded (GET)","status":"passed","title":"should respond 'ok' for loaded (GET)","duration":0.17327400000067428,"failureMessages":[],"meta":{}},{"ancestorTitles":["status API"],"fullName":"status API should respond watchdog with null data when no KV configured","status":"passed","title":"should respond watchdog with null data when no KV configured","duration":0.24509699999907752,"failureMessages":[],"meta":{}},{"ancestorTitles":["status API"],"fullName":"status API should respond cron-health with defaults when no KV configured","status":"passed","title":"should respond cron-health with defaults when no KV configured","duration":0.22236500000144588,"failureMessages":[],"meta":{}},{"ancestorTitles":["status API"],"fullName":"status API should return 'unhealthy' when AI is not configured","status":"passed","title":"should return 'unhealthy' when AI is not configured","duration":0.34143699999913224,"failureMessages":[],"meta":{}},{"ancestorTitles":["status API"],"fullName":"status API should return 'healthy' when Gemini key is configured","status":"passed","title":"should return 'healthy' when Gemini key is configured","duration":0.18835200000103214,"failureMessages":[],"meta":{}},{"ancestorTitles":["status API"],"fullName":"status API should return 'healthy' when VITE_GEMINI_API_KEY is configured","status":"passed","title":"should return 'healthy' when VITE_GEMINI_API_KEY is configured","duration":0.16876400000182912,"failureMessages":[],"meta":{}}],"startTime":1765474000568,"endTime":1765474000570.3416,"status":"passed","message":"","name":"/workspaces/assistente-jur-dico-principal/api/tests/status.test.ts"},{"assertionResults":[{"ancestorTitles":["Todoist Webhook"],"fullName":"Todoist Webhook should validate webhook signature","status":"passed","title":"should validate webhook signature","duration":0.3153980000060983,"failureMessages":[],"meta":{}},{"ancestorTitles":["Todoist Webhook"],"fullName":"Todoist Webhook should process webhook events","status":"passed","title":"should process webhook events","duration":0.22568100001080893,"failureMessages":[],"meta":{}}],"startTime":1765474055974,"endTime":1765474055974.3154,"status":"passed","message":"","name":"/workspaces/assistente-jur-dico-principal/api/tests/todoist-webhook.test.ts"},{"assertionResults":[{"ancestorTitles":[],"fullName":"agents-v2 multi run - harvey executa com sucesso","status":"passed","title":"agents-v2 multi run - harvey executa com sucesso","duration":56.09310099999129,"failureMessages":[],"meta":{}},{"ancestorTitles":[],"fullName":"agents-v2 multi run - justine executa com sucesso","status":"passed","title":"agents-v2 multi run - justine executa com sucesso","duration":51.78342399999383,"failureMessages":[],"meta":{}},{"ancestorTitles":[],"fullName":"agents-v2 multi run - gestao-prazos executa com sucesso","status":"passed","title":"agents-v2 multi run - gestao-prazos executa com sucesso","duration":34.02455400000326,"failureMessages":[],"meta":{}}],"startTime":1765474055644,"endTime":1765474055785.0247,"status":"passed","message":"","name":"/workspaces/assistente-jur-dico-principal/tests/integration/agents-v2-multi.test.ts"},{"assertionResults":[{"ancestorTitles":[],"fullName":"POST /api/agents-v2 executa agente LangGraph com sucesso","status":"passed","title":"POST /api/agents-v2 executa agente LangGraph com sucesso","duration":51.582394999990356,"failureMessages":[],"meta":{}}],"startTime":1765474055893,"endTime":1765474055944.5823,"status":"passed","message":"","name":"/workspaces/assistente-jur-dico-principal/tests/integration/agents-v2.test.ts"},{"assertionResults":[{"ancestorTitles":["DSPy Bridge (FastAPI) integration"],"fullName":"DSPy Bridge (FastAPI) integration /health returns healthy","status":"passed","title":"/health returns healthy","duration":0.3012319999979809,"failureMessages":[],"meta":{}},{"ancestorTitles":["DSPy Bridge (FastAPI) integration"],"fullName":"DSPy Bridge (FastAPI) integration /optimize returns an optimized_prompt with auth","status":"passed","title":"/optimize returns an optimized_prompt with auth","duration":0.19973200000094948,"failureMessages":[],"meta":{}}],"startTime":1765474005811,"endTime":1765474005812.1997,"status":"passed","message":"","name":"/workspaces/assistente-jur-dico-principal/tests/integration/dspy-bridge.test.ts"},{"assertionResults":[{"ancestorTitles":[],"fullName":"executeHybridTask executa harvey com sucesso","status":"passed","title":"executeHybridTask executa harvey com sucesso","duration":51.757745999999315,"failureMessages":[],"meta":{}},{"ancestorTitles":[],"fullName":"executeHybridTask executa justine com sucesso","status":"passed","title":"executeHybridTask executa justine com sucesso","duration":51.03063199999997,"failureMessages":[],"meta":{}},{"ancestorTitles":["Hybrid Architecture Integration","DJEN Monitor with LangGraph"],"fullName":"Hybrid Architecture Integration DJEN Monitor with LangGraph should execute monitor workflow with search parameters","status":"skipped","title":"should execute monitor workflow with search parameters","failureMessages":[],"meta":{}},{"ancestorTitles":["Hybrid Architecture Integration","DJEN Monitor with LangGraph"],"fullName":"Hybrid Architecture Integration DJEN Monitor with LangGraph should respect timeout configuration and complete successfully","status":"skipped","title":"should respect timeout configuration and complete successfully","failureMessages":[],"meta":{}},{"ancestorTitles":["Hybrid Architecture Integration","DJEN Monitor with LangGraph"],"fullName":"Hybrid Architecture Integration DJEN Monitor with LangGraph should handle timeout gracefully","status":"skipped","title":"should handle timeout gracefully","failureMessages":[],"meta":{}},{"ancestorTitles":["Hybrid Architecture Integration","Qdrant Vector Search"],"fullName":"Hybrid Architecture Integration Qdrant Vector Search should create service instance","status":"passed","title":"should create service instance","duration":0.1264050000008865,"failureMessages":[],"meta":{}},{"ancestorTitles":["Hybrid Architecture Integration","Qdrant Vector Search"],"fullName":"Hybrid Architecture Integration Qdrant Vector Search should validate search parameters","status":"passed","title":"should validate search parameters","duration":1.0769780000009632,"failureMessages":[],"meta":{}},{"ancestorTitles":["Hybrid Architecture Integration","AutoGen Orchestrator API"],"fullName":"Hybrid Architecture Integration AutoGen Orchestrator API should require authentication","status":"skipped","title":"should require authentication","failureMessages":[],"meta":{}},{"ancestorTitles":["Hybrid Architecture Integration","AutoGen Orchestrator API"],"fullName":"Hybrid Architecture Integration AutoGen Orchestrator API should accept valid API key","status":"skipped","title":"should accept valid API key","failureMessages":[],"meta":{}},{"ancestorTitles":["Hybrid Architecture Integration","DSPy Bridge Integration"],"fullName":"Hybrid Architecture Integration DSPy Bridge Integration should have health endpoint","status":"passed","title":"should have health endpoint","duration":18.829885999999533,"failureMessages":[],"meta":{}},{"ancestorTitles":["Hybrid Architecture Integration","DSPy Bridge Integration"],"fullName":"Hybrid Architecture Integration DSPy Bridge Integration should require API token for optimization","status":"passed","title":"should require API token for optimization","duration":4.6878320000014355,"failureMessages":[],"meta":{}},{"ancestorTitles":["Hybrid Architecture Integration","DSPy Bridge Integration"],"fullName":"Hybrid Architecture Integration DSPy Bridge Integration should optimize prompts with valid token","status":"passed","title":"should optimize prompts with valid token","duration":2.2644230000005336,"failureMessages":[],"meta":{}}],"startTime":1765473984375,"endTime":1765473984504.2644,"status":"passed","message":"","name":"/workspaces/assistente-jur-dico-principal/tests/integration/hybrid-agents.test.ts"},{"assertionResults":[{"ancestorTitles":["local real integration tests (dev API)"],"fullName":"local real integration tests (dev API) should run the local dev server and validate extension-errors endpoints","status":"passed","title":"should run the local dev server and validate extension-errors endpoints","duration":2044.9300509999994,"failureMessages":[],"meta":{}}],"startTime":1765474006989,"endTime":1765474009033.93,"status":"passed","message":"","name":"/workspaces/assistente-jur-dico-principal/tests/integration/local-real.test.ts"}]}
